[INFO] Scanning for projects...
[INFO] 
[INFO] ------------< edu.dosw.rideci:ATENEA_NOTIFICATIONS_BACKEND >------------
[INFO] Building ATENEA_NOTIFICATIONS_BACKEND 0.0.1-SNAPSHOT
[INFO]   from pom.xml
[INFO] --------------------------------[ jar ]---------------------------------
[INFO] 
[INFO] --- jacoco:0.8.12:prepare-agent (prepare-agent) @ ATENEA_NOTIFICATIONS_BACKEND ---
[INFO] argLine set to -javaagent:C:\\Users\\juanp\\.m2\\repository\\org\\jacoco\\org.jacoco.agent\\0.8.12\\org.jacoco.agent-0.8.12-runtime.jar=destfile=D:\\cursor\\ATENEA_NOTIFICATIONS_BACKEND\\target\\jacoco.exec
[INFO] 
[INFO] --- resources:3.3.1:resources (default-resources) @ ATENEA_NOTIFICATIONS_BACKEND ---
[INFO] Copying 1 resource from src\main\resources to target\classes
[INFO] Copying 0 resource from src\main\resources to target\classes
[INFO] 
[INFO] --- compiler:3.11.0:compile (default-compile) @ ATENEA_NOTIFICATIONS_BACKEND ---
[INFO] Nothing to compile - all classes are up to date
[INFO] 
[INFO] --- resources:3.3.1:testResources (default-testResources) @ ATENEA_NOTIFICATIONS_BACKEND ---
[INFO] skip non existing resourceDirectory D:\cursor\ATENEA_NOTIFICATIONS_BACKEND\src\test\resources
[INFO] 
[INFO] --- compiler:3.11.0:testCompile (default-testCompile) @ ATENEA_NOTIFICATIONS_BACKEND ---
[INFO] Changes detected - recompiling the module! :input tree
[INFO] Compiling 21 source files with javac [debug release 17] to target\test-classes
[INFO] /D:/cursor/ATENEA_NOTIFICATIONS_BACKEND/src/test/java/edu/dosw/rideci/unit/domain/service/EventBusTest.java: D:\cursor\ATENEA_NOTIFICATIONS_BACKEND\src\test\java\edu\dosw\rideci\unit\domain\service\EventBusTest.java uses unchecked or unsafe operations.
[INFO] /D:/cursor/ATENEA_NOTIFICATIONS_BACKEND/src/test/java/edu/dosw/rideci/unit/domain/service/EventBusTest.java: Recompile with -Xlint:unchecked for details.
[INFO] 
[INFO] --- surefire:3.5.4:test (default-test) @ ATENEA_NOTIFICATIONS_BACKEND ---
[INFO] Using auto detected provider org.apache.maven.surefire.junitplatform.JUnitPlatformProvider
[INFO] 
[INFO] -------------------------------------------------------
[INFO]  T E S T S
[INFO] -------------------------------------------------------
[INFO] Running edu.dosw.rideci.AteneaNotificationsBackendApplicationTests
17:59:13.544 [main] INFO org.springframework.test.context.support.AnnotationConfigContextLoaderUtils -- Could not detect default configuration classes for test class [edu.dosw.rideci.AteneaNotificationsBackendApplicationTests]: AteneaNotificationsBackendApplicationTests does not declare any static, non-private, non-final, nested classes annotated with @Configuration.
17:59:13.836 [main] INFO org.springframework.boot.test.context.SpringBootTestContextBootstrapper -- Found @SpringBootConfiguration edu.dosw.rideci.AteneaNotificationsBackendApplication for test class edu.dosw.rideci.AteneaNotificationsBackendApplicationTests

  .   ____          _            __ _ _
 /\\ / ___'_ __ _ _(_)_ __  __ _ \ \ \ \
( ( )\___ | '_ | '_| | '_ \/ _` | \ \ \ \
 \\/  ___)| |_)| | | | | || (_| |  ) ) ) )
  '  |____| .__|_| |_|_| |_\__, | / / / /
 =========|_|==============|___/=/_/_/_/

 :: Spring Boot ::                (v3.5.7)

2025-12-15T17:59:14.819-05:00  INFO 23196 --- [ATENEA_NOTIFICATIONS_BACKEND] [           main] eneaNotificationsBackendApplicationTests : Starting AteneaNotificationsBackendApplicationTests using Java 17.0.16 with PID 23196 (started by juanp in D:\cursor\ATENEA_NOTIFICATIONS_BACKEND)
2025-12-15T17:59:14.822-05:00 DEBUG 23196 --- [ATENEA_NOTIFICATIONS_BACKEND] [           main] eneaNotificationsBackendApplicationTests : Running with Spring Boot v3.5.7, Spring v6.2.12
2025-12-15T17:59:14.824-05:00  INFO 23196 --- [ATENEA_NOTIFICATIONS_BACKEND] [           main] eneaNotificationsBackendApplicationTests : No active profile set, falling back to 1 default profile: "default"
2025-12-15T17:59:17.835-05:00  INFO 23196 --- [ATENEA_NOTIFICATIONS_BACKEND] [           main] e.dosw.rideci.domain.service.EventBus    : EventBus started
2025-12-15T17:59:17.844-05:00  INFO 23196 --- [ATENEA_NOTIFICATIONS_BACKEND] [           main] e.d.r.d.s.EmailNotificationSubscriber    : EmailNotificationSubscriber suscrito a eventos: [NOTIFICATION_CREATED]
2025-12-15T17:59:17.848-05:00  INFO 23196 --- [ATENEA_NOTIFICATIONS_BACKEND] [           main] .r.d.s.TripCreatedNotificationSubscriber : Subscriber registrado para TRIP_CREATED
2025-12-15T17:59:19.390-05:00  INFO 23196 --- [ATENEA_NOTIFICATIONS_BACKEND] [           main] o.s.a.r.c.CachingConnectionFactory       : Attempting to connect to: [leopard-01.lmq.cloudamqp.com:5672]
2025-12-15T17:59:19.885-05:00  INFO 23196 --- [ATENEA_NOTIFICATIONS_BACKEND] [           main] o.s.a.r.c.CachingConnectionFactory       : Created new connection: rabbitConnectionFactory#3723de42:0/SimpleConnection@66be0ea [delegate=amqp://cwyxvdym@52.2.116.232:5672/cwyxvdym, localPort=58115]
2025-12-15T17:59:21.138-05:00 ERROR 23196 --- [ATENEA_NOTIFICATIONS_BACKEND] [.2.116.232:5672] o.s.a.r.c.CachingConnectionFactory       : Shutdown Signal: channel error; protocol method: #method<channel.close>(reply-code=404, reply-text=NOT_FOUND - Exchange 'rideci.chat.exchange' not found, class-id=50, method-id=20)
2025-12-15T17:59:23.384-05:00 ERROR 23196 --- [ATENEA_NOTIFICATIONS_BACKEND] [.2.116.232:5672] o.s.a.r.c.CachingConnectionFactory       : Shutdown Signal: channel error; protocol method: #method<channel.close>(reply-code=404, reply-text=NOT_FOUND - Exchange 'rideci.chat.exchange' not found, class-id=50, method-id=20)
2025-12-15T17:59:26.612-05:00 ERROR 23196 --- [ATENEA_NOTIFICATIONS_BACKEND] [.2.116.232:5672] o.s.a.r.c.CachingConnectionFactory       : Shutdown Signal: channel error; protocol method: #method<channel.close>(reply-code=404, reply-text=NOT_FOUND - Exchange 'rideci.chat.exchange' not found, class-id=50, method-id=20)
2025-12-15T17:59:31.837-05:00 ERROR 23196 --- [ATENEA_NOTIFICATIONS_BACKEND] [.2.116.232:5672] o.s.a.r.c.CachingConnectionFactory       : Shutdown Signal: channel error; protocol method: #method<channel.close>(reply-code=404, reply-text=NOT_FOUND - Exchange 'rideci.chat.exchange' not found, class-id=50, method-id=20)
2025-12-15T17:59:38.063-05:00 ERROR 23196 --- [ATENEA_NOTIFICATIONS_BACKEND] [.2.116.232:5672] o.s.a.r.c.CachingConnectionFactory       : Shutdown Signal: channel error; protocol method: #method<channel.close>(reply-code=404, reply-text=NOT_FOUND - Exchange 'rideci.chat.exchange' not found, class-id=50, method-id=20)
2025-12-15T17:59:38.149-05:00  INFO 23196 --- [ATENEA_NOTIFICATIONS_BACKEND] [           main] o.s.a.r.l.SimpleMessageListenerContainer : Broker not available; cannot force queue declarations during start: java.io.IOException
2025-12-15T17:59:56.332-05:00  INFO 23196 --- [ATENEA_NOTIFICATIONS_BACKEND] [           main] eneaNotificationsBackendApplicationTests : Started AteneaNotificationsBackendApplicationTests in 42.139 seconds (process running for 44.829)
OpenJDK 64-Bit Server VM warning: Sharing is only supported for boot loader classes because bootstrap classpath has been appended
[INFO] Tests run: 1, Failures: 0, Errors: 0, Skipped: 0, Time elapsed: 44.49 s -- in edu.dosw.rideci.AteneaNotificationsBackendApplicationTests
[INFO] Running edu.dosw.rideci.unit.application.mapper.NotificationApplicationMapperTest
[INFO] Tests run: 10, Failures: 0, Errors: 0, Skipped: 0, Time elapsed: 0.073 s -- in edu.dosw.rideci.unit.application.mapper.NotificationApplicationMapperTest
[INFO] Running EmailNotificationApplicationService Tests
[INFO] Tests run: 11, Failures: 0, Errors: 0, Skipped: 0, Time elapsed: 1.290 s -- in EmailNotificationApplicationService Tests
[INFO] Running edu.dosw.rideci.unit.application.service.InAppNotificationApplicationServiceTest
[INFO] Tests run: 11, Failures: 0, Errors: 0, Skipped: 0, Time elapsed: 0.164 s -- in edu.dosw.rideci.unit.application.service.InAppNotificationApplicationServiceTest
[INFO] Running edu.dosw.rideci.unit.application.service.NotificationServiceTest
[INFO] Tests run: 6, Failures: 0, Errors: 0, Skipped: 0, Time elapsed: 0.244 s -- in edu.dosw.rideci.unit.application.service.NotificationServiceTest
[INFO] Running edu.dosw.rideci.unit.application.service.ReceiveExternalEventServiceTest
[INFO] Tests run: 3, Failures: 0, Errors: 0, Skipped: 0, Time elapsed: 0.019 s -- in edu.dosw.rideci.unit.application.service.ReceiveExternalEventServiceTest
[INFO] Running edu.dosw.rideci.unit.domain.model.NotificationEventTest
[INFO] Tests run: 13, Failures: 0, Errors: 0, Skipped: 0, Time elapsed: 0.670 s -- in edu.dosw.rideci.unit.domain.model.NotificationEventTest
[INFO] Running edu.dosw.rideci.unit.domain.repository.InMemoryNotificationStoreTest
[INFO] Tests run: 10, Failures: 0, Errors: 0, Skipped: 0, Time elapsed: 0.033 s -- in edu.dosw.rideci.unit.domain.repository.InMemoryNotificationStoreTest
[INFO] Running EmailNotificationSender Exception Tests
[INFO] Tests run: 2, Failures: 0, Errors: 0, Skipped: 0, Time elapsed: 0.025 s -- in EmailNotificationSender Exception Tests
[INFO] Running EmailNotificationSender Tests
[INFO] Tests run: 11, Failures: 0, Errors: 0, Skipped: 0, Time elapsed: 0.062 s -- in EmailNotificationSender Tests
[INFO] Running edu.dosw.rideci.unit.domain.service.EmailNotificationSubscriberTest
2025-12-15T18:00:00.292-05:00  INFO 23196 --- [ATENEA_NOTIFICATIONS_BACKEND] [           main] e.d.r.d.s.EmailNotificationSubscriber    : EmailNotificationSubscriber suscrito a eventos: [NOTIFICATION_CREATED]
2025-12-15T18:00:00.300-05:00  INFO 23196 --- [ATENEA_NOTIFICATIONS_BACKEND] [           main] e.d.r.d.s.EmailNotificationSubscriber    : Notificación por correo enviada a test@example.com (userId=123e4567-e89b-12d3-a456-426614174000, notificationId=223e4567-e89b-12d3-a456-426614174001)
2025-12-15T18:00:00.300-05:00  INFO 23196 --- [ATENEA_NOTIFICATIONS_BACKEND] [           main] e.d.r.d.s.EmailNotificationSubscriber    : Notificación por correo enviada a test@example.com (userId=123e4567-e89b-12d3-a456-426614174000, notificationId=223e4567-e89b-12d3-a456-426614174001)
2025-12-15T18:00:00.309-05:00  WARN 23196 --- [ATENEA_NOTIFICATIONS_BACKEND] [           main] e.d.r.d.s.EmailNotificationSubscriber    : No se encontró correo electrónico para userId=123e4567-e89b-12d3-a456-426614174000
2025-12-15T18:00:00.316-05:00  INFO 23196 --- [ATENEA_NOTIFICATIONS_BACKEND] [           main] e.d.r.d.s.EmailNotificationSubscriber    : Notificación por correo enviada a test@example.com (userId=123e4567-e89b-12d3-a456-426614174000, notificationId=223e4567-e89b-12d3-a456-426614174001)
2025-12-15T18:00:00.320-05:00  WARN 23196 --- [ATENEA_NOTIFICATIONS_BACKEND] [           main] e.d.r.d.s.EmailNotificationSubscriber    : No se encontró correo electrónico para userId=123e4567-e89b-12d3-a456-426614174000
2025-12-15T18:00:00.329-05:00  WARN 23196 --- [ATENEA_NOTIFICATIONS_BACKEND] [           main] e.d.r.d.s.EmailNotificationSubscriber    : Notificación sin userId, no se puede resolver email. notificationId=223e4567-e89b-12d3-a456-426614174001
2025-12-15T18:00:00.334-05:00  INFO 23196 --- [ATENEA_NOTIFICATIONS_BACKEND] [           main] e.d.r.d.s.EmailNotificationSubscriber    : Notificación por correo enviada a test@example.com (userId=123e4567-e89b-12d3-a456-426614174000, notificationId=223e4567-e89b-12d3-a456-426614174001)
2025-12-15T18:00:00.339-05:00  WARN 23196 --- [ATENEA_NOTIFICATIONS_BACKEND] [           main] e.d.r.d.s.EmailNotificationSubscriber    : Evento NOTIFICATION_CREATED sin InAppNotification, se omite envío de email
2025-12-15T18:00:00.344-05:00 ERROR 23196 --- [ATENEA_NOTIFICATIONS_BACKEND] [           main] e.d.r.d.s.EmailNotificationSubscriber    : Error procesando envío de email para evento NOTIFICATION_CREATED: SMTP Error

java.lang.RuntimeException: SMTP Error
	at edu.dosw.rideci.domain.service.EmailNotificationSubscriber.handleEvent(EmailNotificationSubscriber.java:55) ~[classes/:na]
	at edu.dosw.rideci.unit.domain.service.EmailNotificationSubscriberTest.shouldHandleExceptionsDuringEmailSending(EmailNotificationSubscriberTest.java:141) ~[test-classes/:na]
	at java.base/jdk.internal.reflect.NativeMethodAccessorImpl.invoke0(Native Method) ~[na:na]
	at java.base/jdk.internal.reflect.NativeMethodAccessorImpl.invoke(NativeMethodAccessorImpl.java:77) ~[na:na]
	at java.base/jdk.internal.reflect.DelegatingMethodAccessorImpl.invoke(DelegatingMethodAccessorImpl.java:43) ~[na:na]
	at java.base/java.lang.reflect.Method.invoke(Method.java:569) ~[na:na]
	at org.junit.platform.commons.util.ReflectionUtils.invokeMethod(ReflectionUtils.java:775) ~[junit-platform-commons-1.12.2.jar:1.12.2]
	at org.junit.platform.commons.support.ReflectionSupport.invokeMethod(ReflectionSupport.java:479) ~[junit-platform-commons-1.12.2.jar:1.12.2]
	at org.junit.jupiter.engine.execution.MethodInvocation.proceed(MethodInvocation.java:60) ~[junit-jupiter-engine-5.12.2.jar:5.12.2]
	at org.junit.jupiter.engine.execution.InvocationInterceptorChain$ValidatingInvocation.proceed(InvocationInterceptorChain.java:131) ~[junit-jupiter-engine-5.12.2.jar:5.12.2]
	at org.junit.jupiter.engine.extension.TimeoutExtension.intercept(TimeoutExtension.java:161) ~[junit-jupiter-engine-5.12.2.jar:5.12.2]
	at org.junit.jupiter.engine.extension.TimeoutExtension.interceptTestableMethod(TimeoutExtension.java:152) ~[junit-jupiter-engine-5.12.2.jar:5.12.2]
	at org.junit.jupiter.engine.extension.TimeoutExtension.interceptTestMethod(TimeoutExtension.java:91) ~[junit-jupiter-engine-5.12.2.jar:5.12.2]
	at org.junit.jupiter.engine.execution.InterceptingExecutableInvoker$ReflectiveInterceptorCall.lambda$ofVoidMethod$0(InterceptingExecutableInvoker.java:112) ~[junit-jupiter-engine-5.12.2.jar:5.12.2]
	at org.junit.jupiter.engine.execution.InterceptingExecutableInvoker.lambda$invoke$0(InterceptingExecutableInvoker.java:94) ~[junit-jupiter-engine-5.12.2.jar:5.12.2]
	at org.junit.jupiter.engine.execution.InvocationInterceptorChain$InterceptedInvocation.proceed(InvocationInterceptorChain.java:106) ~[junit-jupiter-engine-5.12.2.jar:5.12.2]
	at org.junit.jupiter.engine.execution.InvocationInterceptorChain.proceed(InvocationInterceptorChain.java:64) ~[junit-jupiter-engine-5.12.2.jar:5.12.2]
	at org.junit.jupiter.engine.execution.InvocationInterceptorChain.chainAndInvoke(InvocationInterceptorChain.java:45) ~[junit-jupiter-engine-5.12.2.jar:5.12.2]
	at org.junit.jupiter.engine.execution.InvocationInterceptorChain.invoke(InvocationInterceptorChain.java:37) ~[junit-jupiter-engine-5.12.2.jar:5.12.2]
	at org.junit.jupiter.engine.execution.InterceptingExecutableInvoker.invoke(InterceptingExecutableInvoker.java:93) ~[junit-jupiter-engine-5.12.2.jar:5.12.2]
	at org.junit.jupiter.engine.execution.InterceptingExecutableInvoker.invoke(InterceptingExecutableInvoker.java:87) ~[junit-jupiter-engine-5.12.2.jar:5.12.2]
	at org.junit.jupiter.engine.descriptor.TestMethodTestDescriptor.lambda$invokeTestMethod$7(TestMethodTestDescriptor.java:216) ~[junit-jupiter-engine-5.12.2.jar:5.12.2]
	at org.junit.platform.engine.support.hierarchical.ThrowableCollector.execute(ThrowableCollector.java:73) ~[junit-platform-engine-1.12.2.jar:1.12.2]
	at org.junit.jupiter.engine.descriptor.TestMethodTestDescriptor.invokeTestMethod(TestMethodTestDescriptor.java:212) ~[junit-jupiter-engine-5.12.2.jar:5.12.2]
	at org.junit.jupiter.engine.descriptor.TestMethodTestDescriptor.execute(TestMethodTestDescriptor.java:137) ~[junit-jupiter-engine-5.12.2.jar:5.12.2]
	at org.junit.jupiter.engine.descriptor.TestMethodTestDescriptor.execute(TestMethodTestDescriptor.java:69) ~[junit-jupiter-engine-5.12.2.jar:5.12.2]
	at org.junit.platform.engine.support.hierarchical.NodeTestTask.lambda$executeRecursively$6(NodeTestTask.java:156) ~[junit-platform-engine-1.12.2.jar:1.12.2]
	at org.junit.platform.engine.support.hierarchical.ThrowableCollector.execute(ThrowableCollector.java:73) ~[junit-platform-engine-1.12.2.jar:1.12.2]
	at org.junit.platform.engine.support.hierarchical.NodeTestTask.lambda$executeRecursively$8(NodeTestTask.java:146) ~[junit-platform-engine-1.12.2.jar:1.12.2]
	at org.junit.platform.engine.support.hierarchical.Node.around(Node.java:137) ~[junit-platform-engine-1.12.2.jar:1.12.2]
	at org.junit.platform.engine.support.hierarchical.NodeTestTask.lambda$executeRecursively$9(NodeTestTask.java:144) ~[junit-platform-engine-1.12.2.jar:1.12.2]
	at org.junit.platform.engine.support.hierarchical.ThrowableCollector.execute(ThrowableCollector.java:73) ~[junit-platform-engine-1.12.2.jar:1.12.2]
	at org.junit.platform.engine.support.hierarchical.NodeTestTask.executeRecursively(NodeTestTask.java:143) ~[junit-platform-engine-1.12.2.jar:1.12.2]
	at org.junit.platform.engine.support.hierarchical.NodeTestTask.execute(NodeTestTask.java:100) ~[junit-platform-engine-1.12.2.jar:1.12.2]
	at java.base/java.util.ArrayList.forEach(ArrayList.java:1511) ~[na:na]
	at org.junit.platform.engine.support.hierarchical.SameThreadHierarchicalTestExecutorService.invokeAll(SameThreadHierarchicalTestExecutorService.java:41) ~[junit-platform-engine-1.12.2.jar:1.12.2]
	at org.junit.platform.engine.support.hierarchical.NodeTestTask.lambda$executeRecursively$6(NodeTestTask.java:160) ~[junit-platform-engine-1.12.2.jar:1.12.2]
	at org.junit.platform.engine.support.hierarchical.ThrowableCollector.execute(ThrowableCollector.java:73) ~[junit-platform-engine-1.12.2.jar:1.12.2]
	at org.junit.platform.engine.support.hierarchical.NodeTestTask.lambda$executeRecursively$8(NodeTestTask.java:146) ~[junit-platform-engine-1.12.2.jar:1.12.2]
	at org.junit.platform.engine.support.hierarchical.Node.around(Node.java:137) ~[junit-platform-engine-1.12.2.jar:1.12.2]
	at org.junit.platform.engine.support.hierarchical.NodeTestTask.lambda$executeRecursively$9(NodeTestTask.java:144) ~[junit-platform-engine-1.12.2.jar:1.12.2]
	at org.junit.platform.engine.support.hierarchical.ThrowableCollector.execute(ThrowableCollector.java:73) ~[junit-platform-engine-1.12.2.jar:1.12.2]
	at org.junit.platform.engine.support.hierarchical.NodeTestTask.executeRecursively(NodeTestTask.java:143) ~[junit-platform-engine-1.12.2.jar:1.12.2]
	at org.junit.platform.engine.support.hierarchical.NodeTestTask.execute(NodeTestTask.java:100) ~[junit-platform-engine-1.12.2.jar:1.12.2]
	at java.base/java.util.ArrayList.forEach(ArrayList.java:1511) ~[na:na]
	at org.junit.platform.engine.support.hierarchical.SameThreadHierarchicalTestExecutorService.invokeAll(SameThreadHierarchicalTestExecutorService.java:41) ~[junit-platform-engine-1.12.2.jar:1.12.2]
	at org.junit.platform.engine.support.hierarchical.NodeTestTask.lambda$executeRecursively$6(NodeTestTask.java:160) ~[junit-platform-engine-1.12.2.jar:1.12.2]
	at org.junit.platform.engine.support.hierarchical.ThrowableCollector.execute(ThrowableCollector.java:73) ~[junit-platform-engine-1.12.2.jar:1.12.2]
	at org.junit.platform.engine.support.hierarchical.NodeTestTask.lambda$executeRecursively$8(NodeTestTask.java:146) ~[junit-platform-engine-1.12.2.jar:1.12.2]
	at org.junit.platform.engine.support.hierarchical.Node.around(Node.java:137) ~[junit-platform-engine-1.12.2.jar:1.12.2]
	at org.junit.platform.engine.support.hierarchical.NodeTestTask.lambda$executeRecursively$9(NodeTestTask.java:144) ~[junit-platform-engine-1.12.2.jar:1.12.2]
	at org.junit.platform.engine.support.hierarchical.ThrowableCollector.execute(ThrowableCollector.java:73) ~[junit-platform-engine-1.12.2.jar:1.12.2]
	at org.junit.platform.engine.support.hierarchical.NodeTestTask.executeRecursively(NodeTestTask.java:143) ~[junit-platform-engine-1.12.2.jar:1.12.2]
	at org.junit.platform.engine.support.hierarchical.NodeTestTask.execute(NodeTestTask.java:100) ~[junit-platform-engine-1.12.2.jar:1.12.2]
	at org.junit.platform.engine.support.hierarchical.SameThreadHierarchicalTestExecutorService.submit(SameThreadHierarchicalTestExecutorService.java:35) ~[junit-platform-engine-1.12.2.jar:1.12.2]
	at org.junit.platform.engine.support.hierarchical.HierarchicalTestExecutor.execute(HierarchicalTestExecutor.java:57) ~[junit-platform-engine-1.12.2.jar:1.12.2]
	at org.junit.platform.engine.support.hierarchical.HierarchicalTestEngine.execute(HierarchicalTestEngine.java:54) ~[junit-platform-engine-1.12.2.jar:1.12.2]
	at org.junit.platform.launcher.core.EngineExecutionOrchestrator.execute(EngineExecutionOrchestrator.java:201) ~[junit-platform-launcher-1.12.2.jar:1.12.2]
	at org.junit.platform.launcher.core.EngineExecutionOrchestrator.execute(EngineExecutionOrchestrator.java:170) ~[junit-platform-launcher-1.12.2.jar:1.12.2]
	at org.junit.platform.launcher.core.EngineExecutionOrchestrator.execute(EngineExecutionOrchestrator.java:94) ~[junit-platform-launcher-1.12.2.jar:1.12.2]
	at org.junit.platform.launcher.core.EngineExecutionOrchestrator.lambda$execute$0(EngineExecutionOrchestrator.java:59) ~[junit-platform-launcher-1.12.2.jar:1.12.2]
	at org.junit.platform.launcher.core.EngineExecutionOrchestrator.withInterceptedStreams(EngineExecutionOrchestrator.java:142) ~[junit-platform-launcher-1.12.2.jar:1.12.2]
	at org.junit.platform.launcher.core.EngineExecutionOrchestrator.execute(EngineExecutionOrchestrator.java:58) ~[junit-platform-launcher-1.12.2.jar:1.12.2]
	at org.junit.platform.launcher.core.DefaultLauncher.execute(DefaultLauncher.java:103) ~[junit-platform-launcher-1.12.2.jar:1.12.2]
	at org.junit.platform.launcher.core.DefaultLauncher.execute(DefaultLauncher.java:85) ~[junit-platform-launcher-1.12.2.jar:1.12.2]
	at org.junit.platform.launcher.core.DelegatingLauncher.execute(DelegatingLauncher.java:47) ~[junit-platform-launcher-1.12.2.jar:1.12.2]
	at org.junit.platform.launcher.core.InterceptingLauncher.lambda$execute$1(InterceptingLauncher.java:39) ~[junit-platform-launcher-1.12.2.jar:1.12.2]
	at org.junit.platform.launcher.core.ClasspathAlignmentCheckingLauncherInterceptor.intercept(ClasspathAlignmentCheckingLauncherInterceptor.java:25) ~[junit-platform-launcher-1.12.2.jar:1.12.2]
	at org.junit.platform.launcher.core.InterceptingLauncher.execute(InterceptingLauncher.java:38) ~[junit-platform-launcher-1.12.2.jar:1.12.2]
	at org.junit.platform.launcher.core.DelegatingLauncher.execute(DelegatingLauncher.java:47) ~[junit-platform-launcher-1.12.2.jar:1.12.2]
	at org.apache.maven.surefire.junitplatform.LauncherAdapter.executeWithoutCancellationToken(LauncherAdapter.java:60) ~[surefire-junit-platform-3.5.4.jar:3.5.4]
	at org.apache.maven.surefire.junitplatform.LauncherAdapter.execute(LauncherAdapter.java:52) ~[surefire-junit-platform-3.5.4.jar:3.5.4]
	at org.apache.maven.surefire.junitplatform.JUnitPlatformProvider.execute(JUnitPlatformProvider.java:203) ~[surefire-junit-platform-3.5.4.jar:3.5.4]
	at org.apache.maven.surefire.junitplatform.JUnitPlatformProvider.invokeAllTests(JUnitPlatformProvider.java:168) ~[surefire-junit-platform-3.5.4.jar:3.5.4]
	at org.apache.maven.surefire.junitplatform.JUnitPlatformProvider.invoke(JUnitPlatformProvider.java:136) ~[surefire-junit-platform-3.5.4.jar:3.5.4]
	at org.apache.maven.surefire.booter.ForkedBooter.runSuitesInProcess(ForkedBooter.java:385) ~[surefire-booter-3.5.4.jar:3.5.4]
	at org.apache.maven.surefire.booter.ForkedBooter.execute(ForkedBooter.java:162) ~[surefire-booter-3.5.4.jar:3.5.4]
	at org.apache.maven.surefire.booter.ForkedBooter.run(ForkedBooter.java:507) ~[surefire-booter-3.5.4.jar:3.5.4]
	at org.apache.maven.surefire.booter.ForkedBooter.main(ForkedBooter.java:495) ~[surefire-booter-3.5.4.jar:3.5.4]

[INFO] Tests run: 11, Failures: 0, Errors: 0, Skipped: 0, Time elapsed: 0.093 s -- in edu.dosw.rideci.unit.domain.service.EmailNotificationSubscriberTest
[INFO] Running edu.dosw.rideci.unit.domain.service.EventBusTest
2025-12-15T18:00:00.385-05:00  INFO 23196 --- [ATENEA_NOTIFICATIONS_BACKEND] [           main] e.dosw.rideci.domain.service.EventBus    : EventBus started
2025-12-15T18:00:00.388-05:00  INFO 23196 --- [ATENEA_NOTIFICATIONS_BACKEND] [           main] e.dosw.rideci.domain.service.EventBus    : EventBus stopped
2025-12-15T18:00:00.458-05:00  INFO 23196 --- [ATENEA_NOTIFICATIONS_BACKEND] [           main] e.dosw.rideci.domain.service.EventBus    : EventBus stopped
2025-12-15T18:00:00.465-05:00  INFO 23196 --- [ATENEA_NOTIFICATIONS_BACKEND] [           main] e.dosw.rideci.domain.service.EventBus    : EventBus stopped
2025-12-15T18:00:00.581-05:00  INFO 23196 --- [ATENEA_NOTIFICATIONS_BACKEND] [           main] e.dosw.rideci.domain.service.EventBus    : EventBus stopped
2025-12-15T18:00:00.585-05:00  INFO 23196 --- [ATENEA_NOTIFICATIONS_BACKEND] [           main] e.dosw.rideci.domain.service.EventBus    : EventBus stopped
[INFO] Tests run: 5, Failures: 0, Errors: 0, Skipped: 0, Time elapsed: 0.204 s -- in edu.dosw.rideci.unit.domain.service.EventBusTest
[INFO] Running edu.dosw.rideci.unit.domain.service.NotificationDomainServiceTest
[INFO] Tests run: 14, Failures: 0, Errors: 0, Skipped: 0, Time elapsed: 0.156 s -- in edu.dosw.rideci.unit.domain.service.NotificationDomainServiceTest
[INFO] Running edu.dosw.rideci.unit.domain.service.TripCreatedNotificationSubscriberTest
2025-12-15T18:00:00.765-05:00  INFO 23196 --- [ATENEA_NOTIFICATIONS_BACKEND] [           main] .r.d.s.TripCreatedNotificationSubscriber : Procesando evento TRIP_CREATED para userId=user123
2025-12-15T18:00:00.771-05:00  INFO 23196 --- [ATENEA_NOTIFICATIONS_BACKEND] [           main] .r.d.s.TripCreatedNotificationSubscriber : Subscriber registrado para TRIP_CREATED
2025-12-15T18:00:00.776-05:00  INFO 23196 --- [ATENEA_NOTIFICATIONS_BACKEND] [           main] .r.d.s.TripCreatedNotificationSubscriber : Subscriber registrado para TRIP_CREATED
2025-12-15T18:00:00.776-05:00  INFO 23196 --- [ATENEA_NOTIFICATIONS_BACKEND] [           main] .r.d.s.TripCreatedNotificationSubscriber : Subscriber removido para TRIP_CREATED
2025-12-15T18:00:00.779-05:00  INFO 23196 --- [ATENEA_NOTIFICATIONS_BACKEND] [           main] .r.d.s.TripCreatedNotificationSubscriber : Subscriber registrado para TRIP_CREATED
[INFO] Tests run: 7, Failures: 0, Errors: 0, Skipped: 0, Time elapsed: 0.033 s -- in edu.dosw.rideci.unit.domain.service.TripCreatedNotificationSubscriberTest
[INFO] Running edu.dosw.rideci.unit.infrastructure.controller.dto.NotificationDtoMapperTest
[INFO] Tests run: 3, Failures: 0, Errors: 0, Skipped: 0, Time elapsed: 0.018 s -- in edu.dosw.rideci.unit.infrastructure.controller.dto.NotificationDtoMapperTest
[INFO] Running EmailNotificationController Tests
2025-12-15T18:00:00.949-05:00  INFO 23196 --- [ATENEA_NOTIFICATIONS_BACKEND] [           main] o.s.mock.web.MockServletContext          : Initializing Spring TestDispatcherServlet ''
2025-12-15T18:00:00.950-05:00  INFO 23196 --- [ATENEA_NOTIFICATIONS_BACKEND] [           main] o.s.t.web.servlet.TestDispatcherServlet  : Initializing Servlet ''
2025-12-15T18:00:00.952-05:00  INFO 23196 --- [ATENEA_NOTIFICATIONS_BACKEND] [           main] o.s.t.web.servlet.TestDispatcherServlet  : Completed initialization in 1 ms
2025-12-15T18:00:01.345-05:00  INFO 23196 --- [ATENEA_NOTIFICATIONS_BACKEND] [           main] o.s.mock.web.MockServletContext          : Initializing Spring TestDispatcherServlet ''
2025-12-15T18:00:01.346-05:00  INFO 23196 --- [ATENEA_NOTIFICATIONS_BACKEND] [           main] o.s.t.web.servlet.TestDispatcherServlet  : Initializing Servlet ''
2025-12-15T18:00:01.346-05:00  INFO 23196 --- [ATENEA_NOTIFICATIONS_BACKEND] [           main] o.s.t.web.servlet.TestDispatcherServlet  : Completed initialization in 0 ms
2025-12-15T18:00:01.383-05:00  INFO 23196 --- [ATENEA_NOTIFICATIONS_BACKEND] [           main] o.s.mock.web.MockServletContext          : Initializing Spring TestDispatcherServlet ''
2025-12-15T18:00:01.383-05:00  INFO 23196 --- [ATENEA_NOTIFICATIONS_BACKEND] [           main] o.s.t.web.servlet.TestDispatcherServlet  : Initializing Servlet ''
2025-12-15T18:00:01.383-05:00  INFO 23196 --- [ATENEA_NOTIFICATIONS_BACKEND] [           main] o.s.t.web.servlet.TestDispatcherServlet  : Completed initialization in 0 ms
2025-12-15T18:00:01.418-05:00  INFO 23196 --- [ATENEA_NOTIFICATIONS_BACKEND] [           main] o.s.mock.web.MockServletContext          : Initializing Spring TestDispatcherServlet ''
2025-12-15T18:00:01.418-05:00  INFO 23196 --- [ATENEA_NOTIFICATIONS_BACKEND] [           main] o.s.t.web.servlet.TestDispatcherServlet  : Initializing Servlet ''
2025-12-15T18:00:01.418-05:00  INFO 23196 --- [ATENEA_NOTIFICATIONS_BACKEND] [           main] o.s.t.web.servlet.TestDispatcherServlet  : Completed initialization in 0 ms
2025-12-15T18:00:01.467-05:00  INFO 23196 --- [ATENEA_NOTIFICATIONS_BACKEND] [           main] o.s.mock.web.MockServletContext          : Initializing Spring TestDispatcherServlet ''
2025-12-15T18:00:01.467-05:00  INFO 23196 --- [ATENEA_NOTIFICATIONS_BACKEND] [           main] o.s.t.web.servlet.TestDispatcherServlet  : Initializing Servlet ''
2025-12-15T18:00:01.467-05:00  INFO 23196 --- [ATENEA_NOTIFICATIONS_BACKEND] [           main] o.s.t.web.servlet.TestDispatcherServlet  : Completed initialization in 0 ms
2025-12-15T18:00:01.509-05:00  INFO 23196 --- [ATENEA_NOTIFICATIONS_BACKEND] [           main] o.s.mock.web.MockServletContext          : Initializing Spring TestDispatcherServlet ''
2025-12-15T18:00:01.509-05:00  INFO 23196 --- [ATENEA_NOTIFICATIONS_BACKEND] [           main] o.s.t.web.servlet.TestDispatcherServlet  : Initializing Servlet ''
2025-12-15T18:00:01.510-05:00  INFO 23196 --- [ATENEA_NOTIFICATIONS_BACKEND] [           main] o.s.t.web.servlet.TestDispatcherServlet  : Completed initialization in 1 ms
2025-12-15T18:00:01.566-05:00  INFO 23196 --- [ATENEA_NOTIFICATIONS_BACKEND] [           main] o.s.mock.web.MockServletContext          : Initializing Spring TestDispatcherServlet ''
2025-12-15T18:00:01.566-05:00  INFO 23196 --- [ATENEA_NOTIFICATIONS_BACKEND] [           main] o.s.t.web.servlet.TestDispatcherServlet  : Initializing Servlet ''
2025-12-15T18:00:01.566-05:00  INFO 23196 --- [ATENEA_NOTIFICATIONS_BACKEND] [           main] o.s.t.web.servlet.TestDispatcherServlet  : Completed initialization in 0 ms
2025-12-15T18:00:01.624-05:00  INFO 23196 --- [ATENEA_NOTIFICATIONS_BACKEND] [           main] o.s.mock.web.MockServletContext          : Initializing Spring TestDispatcherServlet ''
2025-12-15T18:00:01.624-05:00  INFO 23196 --- [ATENEA_NOTIFICATIONS_BACKEND] [           main] o.s.t.web.servlet.TestDispatcherServlet  : Initializing Servlet ''
2025-12-15T18:00:01.626-05:00  INFO 23196 --- [ATENEA_NOTIFICATIONS_BACKEND] [           main] o.s.t.web.servlet.TestDispatcherServlet  : Completed initialization in 0 ms
2025-12-15T18:00:01.668-05:00  INFO 23196 --- [ATENEA_NOTIFICATIONS_BACKEND] [           main] o.s.mock.web.MockServletContext          : Initializing Spring TestDispatcherServlet ''
2025-12-15T18:00:01.668-05:00  INFO 23196 --- [ATENEA_NOTIFICATIONS_BACKEND] [           main] o.s.t.web.servlet.TestDispatcherServlet  : Initializing Servlet ''
2025-12-15T18:00:01.669-05:00  INFO 23196 --- [ATENEA_NOTIFICATIONS_BACKEND] [           main] o.s.t.web.servlet.TestDispatcherServlet  : Completed initialization in 1 ms
2025-12-15T18:00:01.709-05:00  INFO 23196 --- [ATENEA_NOTIFICATIONS_BACKEND] [           main] o.s.mock.web.MockServletContext          : Initializing Spring TestDispatcherServlet ''
2025-12-15T18:00:01.710-05:00  INFO 23196 --- [ATENEA_NOTIFICATIONS_BACKEND] [           main] o.s.t.web.servlet.TestDispatcherServlet  : Initializing Servlet ''
2025-12-15T18:00:01.710-05:00  INFO 23196 --- [ATENEA_NOTIFICATIONS_BACKEND] [           main] o.s.t.web.servlet.TestDispatcherServlet  : Completed initialization in 0 ms
2025-12-15T18:00:01.764-05:00  INFO 23196 --- [ATENEA_NOTIFICATIONS_BACKEND] [           main] o.s.mock.web.MockServletContext          : Initializing Spring TestDispatcherServlet ''
2025-12-15T18:00:01.765-05:00  INFO 23196 --- [ATENEA_NOTIFICATIONS_BACKEND] [           main] o.s.t.web.servlet.TestDispatcherServlet  : Initializing Servlet ''
2025-12-15T18:00:01.765-05:00  INFO 23196 --- [ATENEA_NOTIFICATIONS_BACKEND] [           main] o.s.t.web.servlet.TestDispatcherServlet  : Completed initialization in 0 ms
2025-12-15T18:00:01.807-05:00  INFO 23196 --- [ATENEA_NOTIFICATIONS_BACKEND] [           main] o.s.mock.web.MockServletContext          : Initializing Spring TestDispatcherServlet ''
2025-12-15T18:00:01.807-05:00  INFO 23196 --- [ATENEA_NOTIFICATIONS_BACKEND] [           main] o.s.t.web.servlet.TestDispatcherServlet  : Initializing Servlet ''
2025-12-15T18:00:01.807-05:00  INFO 23196 --- [ATENEA_NOTIFICATIONS_BACKEND] [           main] o.s.t.web.servlet.TestDispatcherServlet  : Completed initialization in 0 ms
2025-12-15T18:00:01.832-05:00  INFO 23196 --- [ATENEA_NOTIFICATIONS_BACKEND] [           main] o.s.mock.web.MockServletContext          : Initializing Spring TestDispatcherServlet ''
2025-12-15T18:00:01.834-05:00  INFO 23196 --- [ATENEA_NOTIFICATIONS_BACKEND] [           main] o.s.t.web.servlet.TestDispatcherServlet  : Initializing Servlet ''
2025-12-15T18:00:01.834-05:00  INFO 23196 --- [ATENEA_NOTIFICATIONS_BACKEND] [           main] o.s.t.web.servlet.TestDispatcherServlet  : Completed initialization in 0 ms
[INFO] Tests run: 13, Failures: 0, Errors: 0, Skipped: 0, Time elapsed: 1.034 s -- in EmailNotificationController Tests
[INFO] Running NotificationController Tests
2025-12-15T18:00:01.966-05:00  INFO 23196 --- [ATENEA_NOTIFICATIONS_BACKEND] [           main] o.s.mock.web.MockServletContext          : Initializing Spring TestDispatcherServlet ''
2025-12-15T18:00:01.967-05:00  INFO 23196 --- [ATENEA_NOTIFICATIONS_BACKEND] [           main] o.s.t.web.servlet.TestDispatcherServlet  : Initializing Servlet ''
2025-12-15T18:00:01.967-05:00  INFO 23196 --- [ATENEA_NOTIFICATIONS_BACKEND] [           main] o.s.t.web.servlet.TestDispatcherServlet  : Completed initialization in 0 ms
2025-12-15T18:00:02.216-05:00  INFO 23196 --- [ATENEA_NOTIFICATIONS_BACKEND] [           main] o.s.mock.web.MockServletContext          : Initializing Spring TestDispatcherServlet ''
2025-12-15T18:00:02.217-05:00  INFO 23196 --- [ATENEA_NOTIFICATIONS_BACKEND] [           main] o.s.t.web.servlet.TestDispatcherServlet  : Initializing Servlet ''
2025-12-15T18:00:02.217-05:00  INFO 23196 --- [ATENEA_NOTIFICATIONS_BACKEND] [           main] o.s.t.web.servlet.TestDispatcherServlet  : Completed initialization in 0 ms
2025-12-15T18:00:02.283-05:00  INFO 23196 --- [ATENEA_NOTIFICATIONS_BACKEND] [           main] o.s.mock.web.MockServletContext          : Initializing Spring TestDispatcherServlet ''
2025-12-15T18:00:02.283-05:00  INFO 23196 --- [ATENEA_NOTIFICATIONS_BACKEND] [           main] o.s.t.web.servlet.TestDispatcherServlet  : Initializing Servlet ''
2025-12-15T18:00:02.284-05:00  INFO 23196 --- [ATENEA_NOTIFICATIONS_BACKEND] [           main] o.s.t.web.servlet.TestDispatcherServlet  : Completed initialization in 1 ms
2025-12-15T18:00:02.316-05:00  INFO 23196 --- [ATENEA_NOTIFICATIONS_BACKEND] [           main] o.s.mock.web.MockServletContext          : Initializing Spring TestDispatcherServlet ''
2025-12-15T18:00:02.316-05:00  INFO 23196 --- [ATENEA_NOTIFICATIONS_BACKEND] [           main] o.s.t.web.servlet.TestDispatcherServlet  : Initializing Servlet ''
2025-12-15T18:00:02.318-05:00  INFO 23196 --- [ATENEA_NOTIFICATIONS_BACKEND] [           main] o.s.t.web.servlet.TestDispatcherServlet  : Completed initialization in 2 ms
2025-12-15T18:00:02.350-05:00  INFO 23196 --- [ATENEA_NOTIFICATIONS_BACKEND] [           main] o.s.mock.web.MockServletContext          : Initializing Spring TestDispatcherServlet ''
2025-12-15T18:00:02.351-05:00  INFO 23196 --- [ATENEA_NOTIFICATIONS_BACKEND] [           main] o.s.t.web.servlet.TestDispatcherServlet  : Initializing Servlet ''
2025-12-15T18:00:02.351-05:00  INFO 23196 --- [ATENEA_NOTIFICATIONS_BACKEND] [           main] o.s.t.web.servlet.TestDispatcherServlet  : Completed initialization in 0 ms
2025-12-15T18:00:02.379-05:00  INFO 23196 --- [ATENEA_NOTIFICATIONS_BACKEND] [           main] o.s.mock.web.MockServletContext          : Initializing Spring TestDispatcherServlet ''
2025-12-15T18:00:02.379-05:00  INFO 23196 --- [ATENEA_NOTIFICATIONS_BACKEND] [           main] o.s.t.web.servlet.TestDispatcherServlet  : Initializing Servlet ''
2025-12-15T18:00:02.379-05:00  INFO 23196 --- [ATENEA_NOTIFICATIONS_BACKEND] [           main] o.s.t.web.servlet.TestDispatcherServlet  : Completed initialization in 0 ms
2025-12-15T18:00:02.430-05:00  INFO 23196 --- [ATENEA_NOTIFICATIONS_BACKEND] [           main] o.s.mock.web.MockServletContext          : Initializing Spring TestDispatcherServlet ''
2025-12-15T18:00:02.430-05:00  INFO 23196 --- [ATENEA_NOTIFICATIONS_BACKEND] [           main] o.s.t.web.servlet.TestDispatcherServlet  : Initializing Servlet ''
2025-12-15T18:00:02.430-05:00  INFO 23196 --- [ATENEA_NOTIFICATIONS_BACKEND] [           main] o.s.t.web.servlet.TestDispatcherServlet  : Completed initialization in 0 ms
2025-12-15T18:00:02.463-05:00  INFO 23196 --- [ATENEA_NOTIFICATIONS_BACKEND] [           main] o.s.mock.web.MockServletContext          : Initializing Spring TestDispatcherServlet ''
2025-12-15T18:00:02.463-05:00  INFO 23196 --- [ATENEA_NOTIFICATIONS_BACKEND] [           main] o.s.t.web.servlet.TestDispatcherServlet  : Initializing Servlet ''
2025-12-15T18:00:02.463-05:00  INFO 23196 --- [ATENEA_NOTIFICATIONS_BACKEND] [           main] o.s.t.web.servlet.TestDispatcherServlet  : Completed initialization in 0 ms
2025-12-15T18:00:02.496-05:00  INFO 23196 --- [ATENEA_NOTIFICATIONS_BACKEND] [           main] o.s.mock.web.MockServletContext          : Initializing Spring TestDispatcherServlet ''
2025-12-15T18:00:02.497-05:00  INFO 23196 --- [ATENEA_NOTIFICATIONS_BACKEND] [           main] o.s.t.web.servlet.TestDispatcherServlet  : Initializing Servlet ''
2025-12-15T18:00:02.497-05:00  INFO 23196 --- [ATENEA_NOTIFICATIONS_BACKEND] [           main] o.s.t.web.servlet.TestDispatcherServlet  : Completed initialization in 0 ms
2025-12-15T18:00:02.532-05:00  INFO 23196 --- [ATENEA_NOTIFICATIONS_BACKEND] [           main] o.s.mock.web.MockServletContext          : Initializing Spring TestDispatcherServlet ''
2025-12-15T18:00:02.532-05:00  INFO 23196 --- [ATENEA_NOTIFICATIONS_BACKEND] [           main] o.s.t.web.servlet.TestDispatcherServlet  : Initializing Servlet ''
2025-12-15T18:00:02.533-05:00  INFO 23196 --- [ATENEA_NOTIFICATIONS_BACKEND] [           main] o.s.t.web.servlet.TestDispatcherServlet  : Completed initialization in 1 ms
[INFO] Tests run: 10, Failures: 0, Errors: 0, Skipped: 0, Time elapsed: 0.683 s -- in NotificationController Tests
[INFO] Running edu.dosw.rideci.unit.infrastructure.notification.EmailNotificationSenderImplTest
2025-12-15T18:00:02.985-05:00  INFO 23196 --- [ATENEA_NOTIFICATIONS_BACKEND] [           main] e.d.r.i.n.EmailNotificationSenderImpl    : Correo enviado exitosamente a test@example.com para notificación id=5d95f9f6-8ae7-4fdd-af71-f7c0ae804781
2025-12-15T18:00:03.000-05:00  INFO 23196 --- [ATENEA_NOTIFICATIONS_BACKEND] [           main] e.d.r.i.n.EmailNotificationSenderImpl    : Correo enviado exitosamente a test@example.com para notificación id=18e85a74-3cd0-4863-833a-625d89ad59ce
2025-12-15T18:00:03.006-05:00  WARN 23196 --- [ATENEA_NOTIFICATIONS_BACKEND] [           main] e.d.r.i.n.EmailNotificationSenderImpl    : No se envía correo: InAppNotification es null para destino=test@example.com
2025-12-15T18:00:03.009-05:00  WARN 23196 --- [ATENEA_NOTIFICATIONS_BACKEND] [           main] e.d.r.i.n.EmailNotificationSenderImpl    : No se envía correo: destinationEmail es null o vacío. Notificación id=3d0dba8b-abe7-40cf-b0e5-769acb4cf62a
2025-12-15T18:00:03.018-05:00  INFO 23196 --- [ATENEA_NOTIFICATIONS_BACKEND] [           main] e.d.r.i.n.EmailNotificationSenderImpl    : Correo enviado exitosamente a test@example.com para notificación id=136cf40f-24a0-4c22-af24-35b1bad37ad3
2025-12-15T18:00:03.034-05:00 ERROR 23196 --- [ATENEA_NOTIFICATIONS_BACKEND] [           main] e.d.r.i.n.EmailNotificationSenderImpl    : Error al enviar correo a test@example.com para notificación id=ad8dfcb7-f377-45cb-8cd5-f593653bf4e0: Test exception

java.lang.RuntimeException: Test exception
	at org.springframework.mail.javamail.JavaMailSender.send(JavaMailSender.java:101) ~[spring-context-support-6.2.12.jar:6.2.12]
	at edu.dosw.rideci.infrastructure.notification.EmailNotificationSenderImpl.sendNotification(EmailNotificationSenderImpl.java:41) ~[classes/:na]
	at edu.dosw.rideci.unit.infrastructure.notification.EmailNotificationSenderImplTest.lambda$sendNotification_ShouldHandleMessagingException$0(EmailNotificationSenderImplTest.java:83) ~[test-classes/:na]
	at org.junit.jupiter.api.AssertDoesNotThrow.assertDoesNotThrow(AssertDoesNotThrow.java:49) ~[junit-jupiter-api-5.12.2.jar:5.12.2]
	at org.junit.jupiter.api.AssertDoesNotThrow.assertDoesNotThrow(AssertDoesNotThrow.java:36) ~[junit-jupiter-api-5.12.2.jar:5.12.2]
	at org.junit.jupiter.api.Assertions.assertDoesNotThrow(Assertions.java:3199) ~[junit-jupiter-api-5.12.2.jar:5.12.2]
	at edu.dosw.rideci.unit.infrastructure.notification.EmailNotificationSenderImplTest.sendNotification_ShouldHandleMessagingException(EmailNotificationSenderImplTest.java:82) ~[test-classes/:na]
	at java.base/jdk.internal.reflect.NativeMethodAccessorImpl.invoke0(Native Method) ~[na:na]
	at java.base/jdk.internal.reflect.NativeMethodAccessorImpl.invoke(NativeMethodAccessorImpl.java:77) ~[na:na]
	at java.base/jdk.internal.reflect.DelegatingMethodAccessorImpl.invoke(DelegatingMethodAccessorImpl.java:43) ~[na:na]
	at java.base/java.lang.reflect.Method.invoke(Method.java:569) ~[na:na]
	at org.junit.platform.commons.util.ReflectionUtils.invokeMethod(ReflectionUtils.java:775) ~[junit-platform-commons-1.12.2.jar:1.12.2]
	at org.junit.platform.commons.support.ReflectionSupport.invokeMethod(ReflectionSupport.java:479) ~[junit-platform-commons-1.12.2.jar:1.12.2]
	at org.junit.jupiter.engine.execution.MethodInvocation.proceed(MethodInvocation.java:60) ~[junit-jupiter-engine-5.12.2.jar:5.12.2]
	at org.junit.jupiter.engine.execution.InvocationInterceptorChain$ValidatingInvocation.proceed(InvocationInterceptorChain.java:131) ~[junit-jupiter-engine-5.12.2.jar:5.12.2]
	at org.junit.jupiter.engine.extension.TimeoutExtension.intercept(TimeoutExtension.java:161) ~[junit-jupiter-engine-5.12.2.jar:5.12.2]
	at org.junit.jupiter.engine.extension.TimeoutExtension.interceptTestableMethod(TimeoutExtension.java:152) ~[junit-jupiter-engine-5.12.2.jar:5.12.2]
	at org.junit.jupiter.engine.extension.TimeoutExtension.interceptTestMethod(TimeoutExtension.java:91) ~[junit-jupiter-engine-5.12.2.jar:5.12.2]
	at org.junit.jupiter.engine.execution.InterceptingExecutableInvoker$ReflectiveInterceptorCall.lambda$ofVoidMethod$0(InterceptingExecutableInvoker.java:112) ~[junit-jupiter-engine-5.12.2.jar:5.12.2]
	at org.junit.jupiter.engine.execution.InterceptingExecutableInvoker.lambda$invoke$0(InterceptingExecutableInvoker.java:94) ~[junit-jupiter-engine-5.12.2.jar:5.12.2]
	at org.junit.jupiter.engine.execution.InvocationInterceptorChain$InterceptedInvocation.proceed(InvocationInterceptorChain.java:106) ~[junit-jupiter-engine-5.12.2.jar:5.12.2]
	at org.junit.jupiter.engine.execution.InvocationInterceptorChain.proceed(InvocationInterceptorChain.java:64) ~[junit-jupiter-engine-5.12.2.jar:5.12.2]
	at org.junit.jupiter.engine.execution.InvocationInterceptorChain.chainAndInvoke(InvocationInterceptorChain.java:45) ~[junit-jupiter-engine-5.12.2.jar:5.12.2]
	at org.junit.jupiter.engine.execution.InvocationInterceptorChain.invoke(InvocationInterceptorChain.java:37) ~[junit-jupiter-engine-5.12.2.jar:5.12.2]
	at org.junit.jupiter.engine.execution.InterceptingExecutableInvoker.invoke(InterceptingExecutableInvoker.java:93) ~[junit-jupiter-engine-5.12.2.jar:5.12.2]
	at org.junit.jupiter.engine.execution.InterceptingExecutableInvoker.invoke(InterceptingExecutableInvoker.java:87) ~[junit-jupiter-engine-5.12.2.jar:5.12.2]
	at org.junit.jupiter.engine.descriptor.TestMethodTestDescriptor.lambda$invokeTestMethod$7(TestMethodTestDescriptor.java:216) ~[junit-jupiter-engine-5.12.2.jar:5.12.2]
	at org.junit.platform.engine.support.hierarchical.ThrowableCollector.execute(ThrowableCollector.java:73) ~[junit-platform-engine-1.12.2.jar:1.12.2]
	at org.junit.jupiter.engine.descriptor.TestMethodTestDescriptor.invokeTestMethod(TestMethodTestDescriptor.java:212) ~[junit-jupiter-engine-5.12.2.jar:5.12.2]
	at org.junit.jupiter.engine.descriptor.TestMethodTestDescriptor.execute(TestMethodTestDescriptor.java:137) ~[junit-jupiter-engine-5.12.2.jar:5.12.2]
	at org.junit.jupiter.engine.descriptor.TestMethodTestDescriptor.execute(TestMethodTestDescriptor.java:69) ~[junit-jupiter-engine-5.12.2.jar:5.12.2]
	at org.junit.platform.engine.support.hierarchical.NodeTestTask.lambda$executeRecursively$6(NodeTestTask.java:156) ~[junit-platform-engine-1.12.2.jar:1.12.2]
	at org.junit.platform.engine.support.hierarchical.ThrowableCollector.execute(ThrowableCollector.java:73) ~[junit-platform-engine-1.12.2.jar:1.12.2]
	at org.junit.platform.engine.support.hierarchical.NodeTestTask.lambda$executeRecursively$8(NodeTestTask.java:146) ~[junit-platform-engine-1.12.2.jar:1.12.2]
	at org.junit.platform.engine.support.hierarchical.Node.around(Node.java:137) ~[junit-platform-engine-1.12.2.jar:1.12.2]
	at org.junit.platform.engine.support.hierarchical.NodeTestTask.lambda$executeRecursively$9(NodeTestTask.java:144) ~[junit-platform-engine-1.12.2.jar:1.12.2]
	at org.junit.platform.engine.support.hierarchical.ThrowableCollector.execute(ThrowableCollector.java:73) ~[junit-platform-engine-1.12.2.jar:1.12.2]
	at org.junit.platform.engine.support.hierarchical.NodeTestTask.executeRecursively(NodeTestTask.java:143) ~[junit-platform-engine-1.12.2.jar:1.12.2]
	at org.junit.platform.engine.support.hierarchical.NodeTestTask.execute(NodeTestTask.java:100) ~[junit-platform-engine-1.12.2.jar:1.12.2]
	at java.base/java.util.ArrayList.forEach(ArrayList.java:1511) ~[na:na]
	at org.junit.platform.engine.support.hierarchical.SameThreadHierarchicalTestExecutorService.invokeAll(SameThreadHierarchicalTestExecutorService.java:41) ~[junit-platform-engine-1.12.2.jar:1.12.2]
	at org.junit.platform.engine.support.hierarchical.NodeTestTask.lambda$executeRecursively$6(NodeTestTask.java:160) ~[junit-platform-engine-1.12.2.jar:1.12.2]
	at org.junit.platform.engine.support.hierarchical.ThrowableCollector.execute(ThrowableCollector.java:73) ~[junit-platform-engine-1.12.2.jar:1.12.2]
	at org.junit.platform.engine.support.hierarchical.NodeTestTask.lambda$executeRecursively$8(NodeTestTask.java:146) ~[junit-platform-engine-1.12.2.jar:1.12.2]
	at org.junit.platform.engine.support.hierarchical.Node.around(Node.java:137) ~[junit-platform-engine-1.12.2.jar:1.12.2]
	at org.junit.platform.engine.support.hierarchical.NodeTestTask.lambda$executeRecursively$9(NodeTestTask.java:144) ~[junit-platform-engine-1.12.2.jar:1.12.2]
	at org.junit.platform.engine.support.hierarchical.ThrowableCollector.execute(ThrowableCollector.java:73) ~[junit-platform-engine-1.12.2.jar:1.12.2]
	at org.junit.platform.engine.support.hierarchical.NodeTestTask.executeRecursively(NodeTestTask.java:143) ~[junit-platform-engine-1.12.2.jar:1.12.2]
	at org.junit.platform.engine.support.hierarchical.NodeTestTask.execute(NodeTestTask.java:100) ~[junit-platform-engine-1.12.2.jar:1.12.2]
	at java.base/java.util.ArrayList.forEach(ArrayList.java:1511) ~[na:na]
	at org.junit.platform.engine.support.hierarchical.SameThreadHierarchicalTestExecutorService.invokeAll(SameThreadHierarchicalTestExecutorService.java:41) ~[junit-platform-engine-1.12.2.jar:1.12.2]
	at org.junit.platform.engine.support.hierarchical.NodeTestTask.lambda$executeRecursively$6(NodeTestTask.java:160) ~[junit-platform-engine-1.12.2.jar:1.12.2]
	at org.junit.platform.engine.support.hierarchical.ThrowableCollector.execute(ThrowableCollector.java:73) ~[junit-platform-engine-1.12.2.jar:1.12.2]
	at org.junit.platform.engine.support.hierarchical.NodeTestTask.lambda$executeRecursively$8(NodeTestTask.java:146) ~[junit-platform-engine-1.12.2.jar:1.12.2]
	at org.junit.platform.engine.support.hierarchical.Node.around(Node.java:137) ~[junit-platform-engine-1.12.2.jar:1.12.2]
	at org.junit.platform.engine.support.hierarchical.NodeTestTask.lambda$executeRecursively$9(NodeTestTask.java:144) ~[junit-platform-engine-1.12.2.jar:1.12.2]
	at org.junit.platform.engine.support.hierarchical.ThrowableCollector.execute(ThrowableCollector.java:73) ~[junit-platform-engine-1.12.2.jar:1.12.2]
	at org.junit.platform.engine.support.hierarchical.NodeTestTask.executeRecursively(NodeTestTask.java:143) ~[junit-platform-engine-1.12.2.jar:1.12.2]
	at org.junit.platform.engine.support.hierarchical.NodeTestTask.execute(NodeTestTask.java:100) ~[junit-platform-engine-1.12.2.jar:1.12.2]
	at org.junit.platform.engine.support.hierarchical.SameThreadHierarchicalTestExecutorService.submit(SameThreadHierarchicalTestExecutorService.java:35) ~[junit-platform-engine-1.12.2.jar:1.12.2]
	at org.junit.platform.engine.support.hierarchical.HierarchicalTestExecutor.execute(HierarchicalTestExecutor.java:57) ~[junit-platform-engine-1.12.2.jar:1.12.2]
	at org.junit.platform.engine.support.hierarchical.HierarchicalTestEngine.execute(HierarchicalTestEngine.java:54) ~[junit-platform-engine-1.12.2.jar:1.12.2]
	at org.junit.platform.launcher.core.EngineExecutionOrchestrator.execute(EngineExecutionOrchestrator.java:201) ~[junit-platform-launcher-1.12.2.jar:1.12.2]
	at org.junit.platform.launcher.core.EngineExecutionOrchestrator.execute(EngineExecutionOrchestrator.java:170) ~[junit-platform-launcher-1.12.2.jar:1.12.2]
	at org.junit.platform.launcher.core.EngineExecutionOrchestrator.execute(EngineExecutionOrchestrator.java:94) ~[junit-platform-launcher-1.12.2.jar:1.12.2]
	at org.junit.platform.launcher.core.EngineExecutionOrchestrator.lambda$execute$0(EngineExecutionOrchestrator.java:59) ~[junit-platform-launcher-1.12.2.jar:1.12.2]
	at org.junit.platform.launcher.core.EngineExecutionOrchestrator.withInterceptedStreams(EngineExecutionOrchestrator.java:142) ~[junit-platform-launcher-1.12.2.jar:1.12.2]
	at org.junit.platform.launcher.core.EngineExecutionOrchestrator.execute(EngineExecutionOrchestrator.java:58) ~[junit-platform-launcher-1.12.2.jar:1.12.2]
	at org.junit.platform.launcher.core.DefaultLauncher.execute(DefaultLauncher.java:103) ~[junit-platform-launcher-1.12.2.jar:1.12.2]
	at org.junit.platform.launcher.core.DefaultLauncher.execute(DefaultLauncher.java:85) ~[junit-platform-launcher-1.12.2.jar:1.12.2]
	at org.junit.platform.launcher.core.DelegatingLauncher.execute(DelegatingLauncher.java:47) ~[junit-platform-launcher-1.12.2.jar:1.12.2]
	at org.junit.platform.launcher.core.InterceptingLauncher.lambda$execute$1(InterceptingLauncher.java:39) ~[junit-platform-launcher-1.12.2.jar:1.12.2]
	at org.junit.platform.launcher.core.ClasspathAlignmentCheckingLauncherInterceptor.intercept(ClasspathAlignmentCheckingLauncherInterceptor.java:25) ~[junit-platform-launcher-1.12.2.jar:1.12.2]
	at org.junit.platform.launcher.core.InterceptingLauncher.execute(InterceptingLauncher.java:38) ~[junit-platform-launcher-1.12.2.jar:1.12.2]
	at org.junit.platform.launcher.core.DelegatingLauncher.execute(DelegatingLauncher.java:47) ~[junit-platform-launcher-1.12.2.jar:1.12.2]
	at org.apache.maven.surefire.junitplatform.LauncherAdapter.executeWithoutCancellationToken(LauncherAdapter.java:60) ~[surefire-junit-platform-3.5.4.jar:3.5.4]
	at org.apache.maven.surefire.junitplatform.LauncherAdapter.execute(LauncherAdapter.java:52) ~[surefire-junit-platform-3.5.4.jar:3.5.4]
	at org.apache.maven.surefire.junitplatform.JUnitPlatformProvider.execute(JUnitPlatformProvider.java:203) ~[surefire-junit-platform-3.5.4.jar:3.5.4]
	at org.apache.maven.surefire.junitplatform.JUnitPlatformProvider.invokeAllTests(JUnitPlatformProvider.java:168) ~[surefire-junit-platform-3.5.4.jar:3.5.4]
	at org.apache.maven.surefire.junitplatform.JUnitPlatformProvider.invoke(JUnitPlatformProvider.java:136) ~[surefire-junit-platform-3.5.4.jar:3.5.4]
	at org.apache.maven.surefire.booter.ForkedBooter.runSuitesInProcess(ForkedBooter.java:385) ~[surefire-booter-3.5.4.jar:3.5.4]
	at org.apache.maven.surefire.booter.ForkedBooter.execute(ForkedBooter.java:162) ~[surefire-booter-3.5.4.jar:3.5.4]
	at org.apache.maven.surefire.booter.ForkedBooter.run(ForkedBooter.java:507) ~[surefire-booter-3.5.4.jar:3.5.4]
	at org.apache.maven.surefire.booter.ForkedBooter.main(ForkedBooter.java:495) ~[surefire-booter-3.5.4.jar:3.5.4]

2025-12-15T18:00:03.048-05:00  INFO 23196 --- [ATENEA_NOTIFICATIONS_BACKEND] [           main] e.d.r.i.n.EmailNotificationSenderImpl    : Correo enviado exitosamente a test@example.com para notificación id=df24a8bb-ffe4-403c-b47a-be0a871d6e65
2025-12-15T18:00:03.065-05:00  INFO 23196 --- [ATENEA_NOTIFICATIONS_BACKEND] [           main] e.d.r.i.n.EmailNotificationSenderImpl    : Correo enviado exitosamente a test@example.com para notificación id=f6682325-75f5-4fbf-896b-fb9a389d8679
2025-12-15T18:00:03.069-05:00  WARN 23196 --- [ATENEA_NOTIFICATIONS_BACKEND] [           main] e.d.r.i.n.EmailNotificationSenderImpl    : No se envía correo: destinationEmail es null o vacío. Notificación id=243de7bf-d1cb-41a7-9518-31c18881a74e
[INFO] Tests run: 9, Failures: 0, Errors: 0, Skipped: 0, Time elapsed: 0.533 s -- in edu.dosw.rideci.unit.infrastructure.notification.EmailNotificationSenderImplTest
[INFO] Running edu.dosw.rideci.unit.infrastructure.persistance.Repository.mapper.NotificationPersistenceMapperTest
[INFO] Tests run: 6, Failures: 0, Errors: 0, Skipped: 0, Time elapsed: 0.022 s -- in edu.dosw.rideci.unit.infrastructure.persistance.Repository.mapper.NotificationPersistenceMapperTest
[INFO] Running edu.dosw.rideci.unit.infrastructure.persistance.Repository.NotificationRepositoryAdapterTest
[INFO] Tests run: 8, Failures: 0, Errors: 0, Skipped: 0, Time elapsed: 0.016 s -- in edu.dosw.rideci.unit.infrastructure.persistance.Repository.NotificationRepositoryAdapterTest
[INFO] Running edu.dosw.rideci.unit.infrastructure.resolver.UserEmailResolverImplTest
[INFO] Tests run: 8, Failures: 0, Errors: 0, Skipped: 0, Time elapsed: 0.026 s -- in edu.dosw.rideci.unit.infrastructure.resolver.UserEmailResolverImplTest
[INFO] 
[INFO] Results:
[INFO] 
[INFO] Tests run: 172, Failures: 0, Errors: 0, Skipped: 0
[INFO] 
[INFO] ------------------------------------------------------------------------
[INFO] BUILD SUCCESS
[INFO] ------------------------------------------------------------------------
[INFO] Total time:  01:04 min
[INFO] Finished at: 2025-12-15T18:00:09-05:00
[INFO] ------------------------------------------------------------------------
